FUNCTION: getTopK 10
Result: said, mln, dlr, from, it, vs, pct, ct, ha, year
FUNCTION: getPostings you
Ordered by doc IDs:9638, 9661, 9803, 9816, 9861, 9933, 9939, 10140, 10432, 10518, 10742, 10748, 10773, 10909, 10910, 11180, 11259, 11293, 11441, 11454, 11542, 11694, 12118, 12203, 12306, 12325, 12452, 12503, 12554, 12854
Ordered by TF:9933, 10432, 10742, 10748, 11259, 11441, 11454, 11694, 12503, 12854, 9638, 9661, 9803, 9816, 9861, 9939, 10140, 10518, 10773, 10909, 10910, 11180, 11293, 11542, 12118, 12203, 12306, 12325, 12452, 12554
FUNCTION: termAtATimeQueryAnd you
30 documents are found
0 comparisons are made
7.7E-7 seconds are used
0 comparisons are made with optimization
Result: 9638, 9661, 9803, 9816, 9861, 9933, 9939, 10140, 10432, 10518, 10742, 10748, 10773, 10909, 10910, 11180, 11259, 11293, 11441, 11454, 11542, 11694, 12118, 12203, 12306, 12325, 12452, 12503, 12554, 12854
FUNCTION: termAtATimeQueryOr you
30 documents are found
0 comparisons are made
2.5408E-5 seconds are used
0 comparisons are made with optimization
Result: 9638, 9661, 9803, 9816, 9861, 9933, 9939, 10140, 10432, 10518, 10742, 10748, 10773, 10909, 10910, 11180, 11259, 11293, 11441, 11454, 11542, 11694, 12118, 12203, 12306, 12325, 12452, 12503, 12554, 12854
FUNCTION: docAtATimeQueryAnd you
30 documents are found
0 comparisons are made
8.9696E-5 seconds are used
Result: 9638, 9661, 9803, 9816, 9861, 9933, 9939, 10140, 10432, 10518, 10742, 10748, 10773, 10909, 10910, 11180, 11259, 11293, 11441, 11454, 11542, 11694, 12118, 12203, 12306, 12325, 12452, 12503, 12554, 12854
FUNCTION: docAtATimeQueryOR you
30 documents are found
0 comparisons are made
5.39E-6 seconds are used
Result: 9638, 9661, 9803, 9816, 9861, 9933, 9939, 10140, 10432, 10518, 10742, 10748, 10773, 10909, 10910, 11180, 11259, 11293, 11441, 11454, 11542, 11694, 12118, 12203, 12306, 12325, 12452, 12503, 12554, 12854
FUNCTION: getPostings youare
Ordered by doc IDs:9933, 10748
Ordered by TF:9933, 10748
FUNCTION: getPostings you
Ordered by doc IDs:9638, 9661, 9803, 9816, 9861, 9933, 9939, 10140, 10432, 10518, 10742, 10748, 10773, 10909, 10910, 11180, 11259, 11293, 11441, 11454, 11542, 11694, 12118, 12203, 12306, 12325, 12452, 12503, 12554, 12854
Ordered by TF:9638, 9661, 9803, 9816, 9861, 9933, 9939, 10140, 10432, 10518, 10742, 10748, 10773, 10909, 10910, 11180, 11259, 11293, 11441, 11454, 11542, 11694, 12118, 12203, 12306, 12325, 12452, 12503, 12554, 12854
FUNCTION: termAtATimeQueryAnd youare, you
2 documents are found
18 comparisons are made
1.6169E-5 seconds are used
18 comparisons are made with optimization
Result: 9933, 10748
FUNCTION: termAtATimeQueryOr youare, you
30 documents are found
437 comparisons are made
3.17595E-4 seconds are used
18 comparisons are made with optimization
Result: 9638, 9661, 9803, 9816, 9861, 9933, 9939, 10140, 10432, 10518, 10742, 10748, 10773, 10909, 10910, 11180, 11259, 11293, 11441, 11454, 11542, 11694, 12118, 12203, 12306, 12325, 12452, 12503, 12554, 12854
FUNCTION: docAtATimeQueryAnd youare, you
2 documents are found
13 comparisons are made
4.3116E-5 seconds are used
Result: 9933, 10748
FUNCTION: docAtATimeQueryOR youare, you
30 documents are found
64 comparisons are made
8.6231E-5 seconds are used
Result: 9638, 9661, 9803, 9816, 9861, 9933, 9939, 10140, 10432, 10518, 10742, 10748, 10773, 10909, 10910, 11180, 11259, 11293, 11441, 11454, 11542, 11694, 12118, 12203, 12306, 12325, 12452, 12503, 12554, 12854
FUNCTION: getPostings you
Ordered by doc IDs:9638, 9661, 9803, 9816, 9861, 9933, 9939, 10140, 10432, 10518, 10742, 10748, 10773, 10909, 10910, 11180, 11259, 11293, 11441, 11454, 11542, 11694, 12118, 12203, 12306, 12325, 12452, 12503, 12554, 12854
Ordered by TF:9638, 9661, 9803, 9816, 9861, 9933, 9939, 10140, 10432, 10518, 10742, 10748, 10773, 10909, 10910, 11180, 11259, 11293, 11441, 11454, 11542, 11694, 12118, 12203, 12306, 12325, 12452, 12503, 12554, 12854
FUNCTION: getPostings youare
Ordered by doc IDs:9933, 10748
Ordered by TF:9933, 10748
FUNCTION: termAtATimeQueryAnd you, youare
2 documents are found
59 comparisons are made
1.0933E-4 seconds are used
18 comparisons are made with optimization
Result: 9933, 10748
FUNCTION: termAtATimeQueryOr you, youare
30 documents are found
18 comparisons are made
1.8093E-5 seconds are used
18 comparisons are made with optimization
Result: 9638, 9661, 9803, 9816, 9861, 9933, 9939, 10140, 10432, 10518, 10742, 10748, 10773, 10909, 10910, 11180, 11259, 11293, 11441, 11454, 11542, 11694, 12118, 12203, 12306, 12325, 12452, 12503, 12554, 12854
FUNCTION: docAtATimeQueryAnd you, youare
2 documents are found
15 comparisons are made
1.8478E-5 seconds are used
Result: 9933, 10748
FUNCTION: docAtATimeQueryOR you, youare
30 documents are found
64 comparisons are made
7.6993E-5 seconds are used
Result: 9638, 9661, 9803, 9816, 9861, 9933, 9939, 10140, 10432, 10518, 10742, 10748, 10773, 10909, 10910, 11180, 11259, 11293, 11441, 11454, 11542, 11694, 12118, 12203, 12306, 12325, 12452, 12503, 12554, 12854
FUNCTION: getPostings you
Ordered by doc IDs:9638, 9661, 9803, 9816, 9861, 9933, 9939, 10140, 10432, 10518, 10742, 10748, 10773, 10909, 10910, 11180, 11259, 11293, 11441, 11454, 11542, 11694, 12118, 12203, 12306, 12325, 12452, 12503, 12554, 12854
Ordered by TF:9638, 9661, 9803, 9816, 9861, 9933, 9939, 10140, 10432, 10518, 10742, 10748, 10773, 10909, 10910, 11180, 11259, 11293, 11441, 11454, 11542, 11694, 12118, 12203, 12306, 12325, 12452, 12503, 12554, 12854
FUNCTION: getPostings youare
Ordered by doc IDs:9933, 10748
Ordered by TF:9933, 10748
FUNCTION: getPostings your
Ordered by doc IDs:9645, 9933, 10432, 11293, 11694
Ordered by TF:11694, 11293, 9645, 9933, 10432
FUNCTION: termAtATimeQueryAnd you, youare, your
1 documents are found
68 comparisons are made
3.6956E-5 seconds are used
15 comparisons are made with optimization
Result: 9933
FUNCTION: termAtATimeQueryOr you, youare, your
31 documents are found
103 comparisons are made
5.5435E-5 seconds are used
103 comparisons are made with optimization
Result: 9638, 9645, 9661, 9803, 9816, 9861, 9933, 9939, 10140, 10432, 10518, 10742, 10748, 10773, 10909, 10910, 11180, 11259, 11293, 11441, 11454, 11542, 11694, 12118, 12203, 12306, 12325, 12452, 12503, 12554, 12854
FUNCTION: docAtATimeQueryAnd you, youare, your
1 documents are found
26 comparisons are made
3.0797E-5 seconds are used
Result: 9933
FUNCTION: docAtATimeQueryOR you, youare, your
31 documents are found
74 comparisons are made
1.21648E-4 seconds are used
Result: 9638, 9645, 9661, 9803, 9816, 9861, 9933, 9939, 10140, 10432, 10518, 10742, 10748, 10773, 10909, 10910, 11180, 11259, 11293, 11441, 11454, 11542, 11694, 12118, 12203, 12306, 12325, 12452, 12503, 12554, 12854
FUNCTION: getPostings yendenominated
Ordered by doc IDs:9816
Ordered by TF:9816
FUNCTION: getPostings we
Ordered by doc IDs:9603, 9610, 9613, 9614, 9626, 9638, 9661, 9674, 9701, 9706, 9721, 9803, 9816, 9835, 9841, 9847, 9861, 9866, 9871, 9908, 9936, 9939, 9997, 10034, 10083, 10140, 10171, 10193, 10319, 10357, 10400, 10402, 10410, 10444, 10445, 10487, 10503, 10518, 10534, 10565, 10633, 10727, 10729, 10748, 10778, 10794, 10817, 10823, 10854, 10914, 10919, 10960, 10973, 11002, 11026, 11037, 11038, 11048, 11172, 11180, 11188, 11233, 11236, 11237, 11244, 11245, 11250, 11272, 11286, 11296, 11322, 11330, 11355, 11369, 11383, 11424, 11439, 11454, 11513, 11542, 11547, 11590, 11613, 11625, 11685, 11692, 11705, 11731, 11743, 11768, 11788, 11800, 11820, 11827, 11828, 11837, 11841, 11853, 11865, 11896, 11898, 11916, 11918, 12019, 12037, 12052, 12066, 12118, 12119, 12120, 12122, 12138, 12140, 12143, 12173, 12194, 12195, 12203, 12213, 12247, 12249, 12295, 12306, 12321, 12325, 12387, 12442, 12452, 12487, 12503, 12554, 12577, 12634, 12636, 12648, 12735, 12832, 12837, 12843, 12854, 12869, 12874, 12883, 12889
Ordered by TF:10400, 12194, 12195, 11245, 11513, 12037, 12247, 12325, 9613, 9626, 9674, 9835, 9847, 10171, 10487, 11048, 11188, 11296, 11369, 11837, 12019, 12122, 12249, 12387, 9638, 9661, 9861, 9871, 10140, 10319, 10410, 10445, 10503, 10565, 10778, 10919, 10960, 11002, 11037, 11237, 11250, 11322, 11542, 11590, 11731, 11743, 11768, 11898, 11918, 12140, 12173, 12295, 12321, 12487, 12832, 12837, 12854, 12869, 12889, 9603, 9610, 9614, 9701, 9706, 9721, 9803, 9816, 9841, 9866, 9908, 9936, 9939, 9997, 10034, 10083, 10193, 10357, 10402, 10444, 10518, 10534, 10633, 10727, 10729, 10748, 10794, 10817, 10823, 10854, 10914, 10973, 11026, 11038, 11172, 11180, 11233, 11236, 11244, 11272, 11286, 11330, 11355, 11383, 11424, 11439, 11454, 11547, 11613, 11625, 11685, 11692, 11705, 11788, 11800, 11820, 11827, 11828, 11841, 11853, 11865, 11896, 11916, 12052, 12066, 12118, 12119, 12120, 12138, 12143, 12203, 12213, 12306, 12442, 12452, 12503, 12554, 12577, 12634, 12636, 12648, 12735, 12843, 12874, 12883
FUNCTION: getPostings you
Ordered by doc IDs:9638, 9661, 9803, 9816, 9861, 9933, 9939, 10140, 10432, 10518, 10742, 10748, 10773, 10909, 10910, 11180, 11259, 11293, 11441, 11454, 11542, 11694, 12118, 12203, 12306, 12325, 12452, 12503, 12554, 12854
Ordered by TF:9638, 9661, 9803, 9816, 9861, 9933, 9939, 10140, 10432, 10518, 10742, 10748, 10773, 10909, 10910, 11180, 11259, 11293, 11441, 11454, 11542, 11694, 12118, 12203, 12306, 12325, 12452, 12503, 12554, 12854
FUNCTION: getPostings yen
Ordered by doc IDs:9605, 9613, 9632, 9640, 9645, 9648, 9655, 9656, 9662, 9665, 9681, 9706, 9816, 9945, 9947, 9960, 9967, 9969, 9980, 9982, 9984, 9996, 9997, 9998, 10003, 10010, 10013, 10014, 10015, 10019, 10034, 10049, 10075, 10083, 10140, 10148, 10190, 10223, 10337, 10421, 10427, 10428, 10429, 10430, 10432, 10433, 10434, 10452, 10456, 10479, 10495, 10511, 10517, 10518, 10524, 10588, 10674, 10692, 10737, 10742, 10773, 10883, 10892, 10893, 10902, 10911, 11016, 11018, 11021, 11029, 11044, 11234, 11246, 11296, 11355, 11442, 11445, 11446, 11449, 11453, 11458, 11459, 11590, 11675, 11682, 11695, 11697, 11698, 11699, 11700, 11702, 11704, 11707, 11708, 11709, 11719, 11880, 11898, 11899, 11901, 11923, 12015, 12095, 12101, 12500, 12684, 12883, 12886, 12887, 12898
Ordered by TF:10014, 11697, 10223, 11234, 10083, 10432, 10902, 11695, 9656, 9969, 10003, 10015, 10019, 10049, 10456, 10517, 9645, 9662, 9665, 9967, 10013, 10337, 10742, 11016, 11708, 11898, 12883, 9681, 9960, 9980, 9996, 10010, 10075, 10434, 10518, 10674, 10692, 10737, 11021, 11458, 11702, 11709, 11719, 11923, 12095, 12101, 12684, 12886, 9605, 9613, 9632, 9640, 9648, 9655, 9706, 9816, 9945, 9947, 9982, 9984, 9997, 9998, 10034, 10140, 10148, 10190, 10421, 10427, 10428, 10429, 10430, 10433, 10452, 10479, 10495, 10511, 10524, 10588, 10773, 10883, 10892, 10893, 10911, 11018, 11029, 11044, 11246, 11296, 11355, 11442, 11445, 11446, 11449, 11453, 11459, 11590, 11675, 11682, 11698, 11699, 11700, 11704, 11707, 11880, 11899, 11901, 12015, 12500, 12887, 12898
FUNCTION: getPostings years
Ordered by doc IDs:9613, 9644, 9646, 9757, 9816, 9871, 9939, 9946, 9948, 9975, 9982, 10012, 10041, 10046, 10098, 10179, 10204, 10275, 10331, 10432, 10454, 10466, 10471, 10480, 10487, 10738, 10856, 10869, 10895, 11006, 11014, 11026, 11094, 11100, 11122, 11139, 11185, 11210, 11229, 11250, 11259, 11262, 11301, 11303, 11334, 11442, 11518, 11598, 11643, 11644, 11676, 11680, 11684, 11752, 11926, 11981, 11986, 11987, 12033, 12066, 12122, 12249, 12766, 12832, 12854
Ordered by TF:9613, 10331, 9982, 10179, 11210, 11262, 11981, 12066, 12832, 9644, 9646, 9757, 9816, 9871, 9939, 9946, 9948, 9975, 10012, 10041, 10046, 10098, 10204, 10275, 10432, 10454, 10466, 10471, 10480, 10487, 10738, 10856, 10869, 10895, 11006, 11014, 11026, 11094, 11100, 11122, 11139, 11185, 11229, 11250, 11259, 11301, 11303, 11334, 11442, 11518, 11598, 11643, 11644, 11676, 11680, 11684, 11752, 11926, 11986, 11987, 12033, 12122, 12249, 12766, 12854
FUNCTION: termAtATimeQueryAnd yendenominated, we, you, yen, years
1 documents are found
140 comparisons are made
8.8157E-5 seconds are used
140 comparisons are made with optimization
Result: 9816
FUNCTION: termAtATimeQueryOr yendenominated, we, you, yen, years
297 documents are found
47962 comparisons are made
0.027175706 seconds are used
38107 comparisons are made with optimization
Result: 9603, 9605, 9610, 9613, 9614, 9626, 9632, 9638, 9640, 9644, 9645, 9646, 9648, 9655, 9656, 9661, 9662, 9665, 9674, 9681, 9701, 9706, 9721, 9757, 9803, 9816, 9835, 9841, 9847, 9861, 9866, 9871, 9908, 9933, 9936, 9939, 9945, 9946, 9947, 9948, 9960, 9967, 9969, 9975, 9980, 9982, 9984, 9996, 9997, 9998, 10003, 10010, 10012, 10013, 10014, 10015, 10019, 10034, 10041, 10046, 10049, 10075, 10083, 10098, 10140, 10148, 10171, 10179, 10190, 10193, 10204, 10223, 10275, 10319, 10331, 10337, 10357, 10400, 10402, 10410, 10421, 10427, 10428, 10429, 10430, 10432, 10433, 10434, 10444, 10445, 10452, 10454, 10456, 10466, 10471, 10479, 10480, 10487, 10495, 10503, 10511, 10517, 10518, 10524, 10534, 10565, 10588, 10633, 10674, 10692, 10727, 10729, 10737, 10738, 10742, 10748, 10773, 10778, 10794, 10817, 10823, 10854, 10856, 10869, 10883, 10892, 10893, 10895, 10902, 10909, 10910, 10911, 10914, 10919, 10960, 10973, 11002, 11006, 11014, 11016, 11018, 11021, 11026, 11029, 11037, 11038, 11044, 11048, 11094, 11100, 11122, 11139, 11172, 11180, 11185, 11188, 11210, 11229, 11233, 11234, 11236, 11237, 11244, 11245, 11246, 11250, 11259, 11262, 11272, 11286, 11293, 11296, 11301, 11303, 11322, 11330, 11334, 11355, 11369, 11383, 11424, 11439, 11441, 11442, 11445, 11446, 11449, 11453, 11454, 11458, 11459, 11513, 11518, 11542, 11547, 11590, 11598, 11613, 11625, 11643, 11644, 11675, 11676, 11680, 11682, 11684, 11685, 11692, 11694, 11695, 11697, 11698, 11699, 11700, 11702, 11704, 11705, 11707, 11708, 11709, 11719, 11731, 11743, 11752, 11768, 11788, 11800, 11820, 11827, 11828, 11837, 11841, 11853, 11865, 11880, 11896, 11898, 11899, 11901, 11916, 11918, 11923, 11926, 11981, 11986, 11987, 12015, 12019, 12033, 12037, 12052, 12066, 12095, 12101, 12118, 12119, 12120, 12122, 12138, 12140, 12143, 12173, 12194, 12195, 12203, 12213, 12247, 12249, 12295, 12306, 12321, 12325, 12387, 12442, 12452, 12487, 12500, 12503, 12554, 12577, 12634, 12636, 12648, 12684, 12735, 12766, 12832, 12837, 12843, 12854, 12869, 12874, 12883, 12886, 12887, 12889, 12898
FUNCTION: docAtATimeQueryAnd yendenominated, we, you, yen, years
1 documents are found
35 comparisons are made
1.8863E-5 seconds are used
Result: 9816
FUNCTION: docAtATimeQueryOR yendenominated, we, you, yen, years
297 documents are found
789 comparisons are made
0.001952148 seconds are used
Result: 9603, 9605, 9610, 9613, 9614, 9626, 9632, 9638, 9640, 9644, 9645, 9646, 9648, 9655, 9656, 9661, 9662, 9665, 9674, 9681, 9701, 9706, 9721, 9757, 9803, 9816, 9835, 9841, 9847, 9861, 9866, 9871, 9908, 9933, 9936, 9939, 9945, 9946, 9947, 9948, 9960, 9967, 9969, 9975, 9980, 9982, 9984, 9996, 9997, 9998, 10003, 10010, 10012, 10013, 10014, 10015, 10019, 10034, 10041, 10046, 10049, 10075, 10083, 10098, 10140, 10148, 10171, 10179, 10190, 10193, 10204, 10223, 10275, 10319, 10331, 10337, 10357, 10400, 10402, 10410, 10421, 10427, 10428, 10429, 10430, 10432, 10433, 10434, 10444, 10445, 10452, 10454, 10456, 10466, 10471, 10479, 10480, 10487, 10495, 10503, 10511, 10517, 10518, 10524, 10534, 10565, 10588, 10633, 10674, 10692, 10727, 10729, 10737, 10738, 10742, 10748, 10773, 10778, 10794, 10817, 10823, 10854, 10856, 10869, 10883, 10892, 10893, 10895, 10902, 10909, 10910, 10911, 10914, 10919, 10960, 10973, 11002, 11006, 11014, 11016, 11018, 11021, 11026, 11029, 11037, 11038, 11044, 11048, 11094, 11100, 11122, 11139, 11172, 11180, 11185, 11188, 11210, 11229, 11233, 11234, 11236, 11237, 11244, 11245, 11246, 11250, 11259, 11262, 11272, 11286, 11293, 11296, 11301, 11303, 11322, 11330, 11334, 11355, 11369, 11383, 11424, 11439, 11441, 11442, 11445, 11446, 11449, 11453, 11454, 11458, 11459, 11513, 11518, 11542, 11547, 11590, 11598, 11613, 11625, 11643, 11644, 11675, 11676, 11680, 11682, 11684, 11685, 11692, 11694, 11695, 11697, 11698, 11699, 11700, 11702, 11704, 11705, 11707, 11708, 11709, 11719, 11731, 11743, 11752, 11768, 11788, 11800, 11820, 11827, 11828, 11837, 11841, 11853, 11865, 11880, 11896, 11898, 11899, 11901, 11916, 11918, 11923, 11926, 11981, 11986, 11987, 12015, 12019, 12033, 12037, 12052, 12066, 12095, 12101, 12118, 12119, 12120, 12122, 12138, 12140, 12143, 12173, 12194, 12195, 12203, 12213, 12247, 12249, 12295, 12306, 12321, 12325, 12387, 12442, 12452, 12487, 12500, 12503, 12554, 12577, 12634, 12636, 12648, 12684, 12735, 12766, 12832, 12837, 12843, 12854, 12869, 12874, 12883, 12886, 12887, 12889, 12898
FUNCTION: getPostings zambian
Ordered by doc IDs:11613
Ordered by TF:11613
FUNCTION: getPostings zambia
Ordered by doc IDs:9737, 11068, 11613, 11976
Ordered by TF:9737, 11068, 11613, 11976
FUNCTION: termAtATimeQueryAnd zambian, zambia
1 documents are found
3 comparisons are made
5.005E-6 seconds are used
3 comparisons are made with optimization
Result: 11613
FUNCTION: termAtATimeQueryOr zambian, zambia
4 documents are found
7 comparisons are made
8.084E-6 seconds are used
3 comparisons are made with optimization
Result: 9737, 11068, 11613, 11976
FUNCTION: docAtATimeQueryAnd zambian, zambia
1 documents are found
3 comparisons are made
6.929E-6 seconds are used
Result: 11613
FUNCTION: docAtATimeQueryOR zambian, zambia
4 documents are found
10 comparisons are made
1.3088E-5 seconds are used
Result: 9737, 11068, 11613, 11976
